<?xml version="1.0" encoding="UTF-8"?>
<testsuite xmlns:xsi="http://www.w3.org/2001/XMLSchema-instance" xsi:noNamespaceSchemaLocation="https://maven.apache.org/surefire/maven-surefire-plugin/xsd/surefire-test-report.xsd" name="br.com.fernantech.brewer.session.TabelaItensVendaTest" time="0.057" tests="6" errors="0" skipped="0" failures="0">
  <properties>
    <property name="sun.desktop" value="windows"/>
    <property name="awt.toolkit" value="sun.awt.windows.WToolkit"/>
    <property name="java.specification.version" value="11"/>
    <property name="sun.cpu.isalist" value="amd64"/>
    <property name="sun.jnu.encoding" value="Cp1252"/>
    <property name="java.class.path" value="C:\Users\Alpha\git\brewer_2.0\target\test-classes;C:\Users\Alpha\git\brewer_2.0\target\classes;C:\Users\Alpha\.m2\repository\org\springframework\boot\spring-boot-starter-web\2.2.6.RELEASE\spring-boot-starter-web-2.2.6.RELEASE.jar;C:\Users\Alpha\.m2\repository\org\springframework\boot\spring-boot-starter\2.2.6.RELEASE\spring-boot-starter-2.2.6.RELEASE.jar;C:\Users\Alpha\.m2\repository\org\springframework\boot\spring-boot-starter-logging\2.2.6.RELEASE\spring-boot-starter-logging-2.2.6.RELEASE.jar;C:\Users\Alpha\.m2\repository\ch\qos\logback\logback-classic\1.2.3\logback-classic-1.2.3.jar;C:\Users\Alpha\.m2\repository\ch\qos\logback\logback-core\1.2.3\logback-core-1.2.3.jar;C:\Users\Alpha\.m2\repository\org\apache\logging\log4j\log4j-to-slf4j\2.12.1\log4j-to-slf4j-2.12.1.jar;C:\Users\Alpha\.m2\repository\org\apache\logging\log4j\log4j-api\2.12.1\log4j-api-2.12.1.jar;C:\Users\Alpha\.m2\repository\org\slf4j\jul-to-slf4j\1.7.30\jul-to-slf4j-1.7.30.jar;C:\Users\Alpha\.m2\repository\jakarta\annotation\jakarta.annotation-api\1.3.5\jakarta.annotation-api-1.3.5.jar;C:\Users\Alpha\.m2\repository\org\springframework\spring-core\5.2.5.RELEASE\spring-core-5.2.5.RELEASE.jar;C:\Users\Alpha\.m2\repository\org\springframework\spring-jcl\5.2.5.RELEASE\spring-jcl-5.2.5.RELEASE.jar;C:\Users\Alpha\.m2\repository\org\yaml\snakeyaml\1.25\snakeyaml-1.25.jar;C:\Users\Alpha\.m2\repository\org\springframework\boot\spring-boot-starter-json\2.2.6.RELEASE\spring-boot-starter-json-2.2.6.RELEASE.jar;C:\Users\Alpha\.m2\repository\com\fasterxml\jackson\datatype\jackson-datatype-jdk8\2.10.3\jackson-datatype-jdk8-2.10.3.jar;C:\Users\Alpha\.m2\repository\com\fasterxml\jackson\datatype\jackson-datatype-jsr310\2.10.3\jackson-datatype-jsr310-2.10.3.jar;C:\Users\Alpha\.m2\repository\com\fasterxml\jackson\module\jackson-module-parameter-names\2.10.3\jackson-module-parameter-names-2.10.3.jar;C:\Users\Alpha\.m2\repository\org\springframework\boot\spring-boot-starter-tomcat\2.2.6.RELEASE\spring-boot-starter-tomcat-2.2.6.RELEASE.jar;C:\Users\Alpha\.m2\repository\org\apache\tomcat\embed\tomcat-embed-core\9.0.33\tomcat-embed-core-9.0.33.jar;C:\Users\Alpha\.m2\repository\org\apache\tomcat\embed\tomcat-embed-el\9.0.33\tomcat-embed-el-9.0.33.jar;C:\Users\Alpha\.m2\repository\org\apache\tomcat\embed\tomcat-embed-websocket\9.0.33\tomcat-embed-websocket-9.0.33.jar;C:\Users\Alpha\.m2\repository\org\springframework\boot\spring-boot-starter-validation\2.2.6.RELEASE\spring-boot-starter-validation-2.2.6.RELEASE.jar;C:\Users\Alpha\.m2\repository\jakarta\validation\jakarta.validation-api\2.0.2\jakarta.validation-api-2.0.2.jar;C:\Users\Alpha\.m2\repository\org\hibernate\validator\hibernate-validator\6.0.18.Final\hibernate-validator-6.0.18.Final.jar;C:\Users\Alpha\.m2\repository\org\springframework\spring-web\5.2.5.RELEASE\spring-web-5.2.5.RELEASE.jar;C:\Users\Alpha\.m2\repository\org\springframework\spring-beans\5.2.5.RELEASE\spring-beans-5.2.5.RELEASE.jar;C:\Users\Alpha\.m2\repository\org\springframework\spring-webmvc\5.2.5.RELEASE\spring-webmvc-5.2.5.RELEASE.jar;C:\Users\Alpha\.m2\repository\org\springframework\spring-context\5.2.5.RELEASE\spring-context-5.2.5.RELEASE.jar;C:\Users\Alpha\.m2\repository\org\springframework\spring-expression\5.2.5.RELEASE\spring-expression-5.2.5.RELEASE.jar;C:\Users\Alpha\.m2\repository\org\springframework\boot\spring-boot-starter-thymeleaf\2.2.6.RELEASE\spring-boot-starter-thymeleaf-2.2.6.RELEASE.jar;C:\Users\Alpha\.m2\repository\org\thymeleaf\thymeleaf-spring5\3.0.11.RELEASE\thymeleaf-spring5-3.0.11.RELEASE.jar;C:\Users\Alpha\.m2\repository\org\thymeleaf\extras\thymeleaf-extras-java8time\3.0.4.RELEASE\thymeleaf-extras-java8time-3.0.4.RELEASE.jar;C:\Users\Alpha\.m2\repository\nz\net\ultraq\thymeleaf\thymeleaf-layout-dialect\2.4.1\thymeleaf-layout-dialect-2.4.1.jar;C:\Users\Alpha\.m2\repository\nz\net\ultraq\thymeleaf\thymeleaf-expression-processor\1.1.3\thymeleaf-expression-processor-1.1.3.jar;C:\Users\Alpha\.m2\repository\org\codehaus\groovy\groovy\2.5.10\groovy-2.5.10.jar;C:\Users\Alpha\.m2\repository\org\thymeleaf\thymeleaf\3.0.11.RELEASE\thymeleaf-3.0.11.RELEASE.jar;C:\Users\Alpha\.m2\repository\ognl\ognl\3.1.12\ognl-3.1.12.jar;C:\Users\Alpha\.m2\repository\org\attoparser\attoparser\2.0.5.RELEASE\attoparser-2.0.5.RELEASE.jar;C:\Users\Alpha\.m2\repository\org\unbescape\unbescape\1.1.6.RELEASE\unbescape-1.1.6.RELEASE.jar;C:\Users\Alpha\.m2\repository\com\github\mxab\thymeleaf\extras\thymeleaf-extras-data-attribute\2.0.1\thymeleaf-extras-data-attribute-2.0.1.jar;C:\Users\Alpha\.m2\repository\org\thymeleaf\extras\thymeleaf-extras-springsecurity5\3.0.4.RELEASE\thymeleaf-extras-springsecurity5-3.0.4.RELEASE.jar;C:\Users\Alpha\.m2\repository\org\slf4j\slf4j-api\1.7.30\slf4j-api-1.7.30.jar;C:\Users\Alpha\.m2\repository\org\springframework\boot\spring-boot-starter-data-jpa\2.2.6.RELEASE\spring-boot-starter-data-jpa-2.2.6.RELEASE.jar;C:\Users\Alpha\.m2\repository\org\springframework\boot\spring-boot-starter-aop\2.2.6.RELEASE\spring-boot-starter-aop-2.2.6.RELEASE.jar;C:\Users\Alpha\.m2\repository\org\aspectj\aspectjweaver\1.9.5\aspectjweaver-1.9.5.jar;C:\Users\Alpha\.m2\repository\org\springframework\boot\spring-boot-starter-jdbc\2.2.6.RELEASE\spring-boot-starter-jdbc-2.2.6.RELEASE.jar;C:\Users\Alpha\.m2\repository\com\zaxxer\HikariCP\3.4.2\HikariCP-3.4.2.jar;C:\Users\Alpha\.m2\repository\org\springframework\spring-jdbc\5.2.5.RELEASE\spring-jdbc-5.2.5.RELEASE.jar;C:\Users\Alpha\.m2\repository\jakarta\activation\jakarta.activation-api\1.2.2\jakarta.activation-api-1.2.2.jar;C:\Users\Alpha\.m2\repository\jakarta\persistence\jakarta.persistence-api\2.2.3\jakarta.persistence-api-2.2.3.jar;C:\Users\Alpha\.m2\repository\jakarta\transaction\jakarta.transaction-api\1.3.3\jakarta.transaction-api-1.3.3.jar;C:\Users\Alpha\.m2\repository\org\hibernate\hibernate-core\5.4.12.Final\hibernate-core-5.4.12.Final.jar;C:\Users\Alpha\.m2\repository\org\jboss\logging\jboss-logging\3.4.1.Final\jboss-logging-3.4.1.Final.jar;C:\Users\Alpha\.m2\repository\org\javassist\javassist\3.24.0-GA\javassist-3.24.0-GA.jar;C:\Users\Alpha\.m2\repository\net\bytebuddy\byte-buddy\1.10.8\byte-buddy-1.10.8.jar;C:\Users\Alpha\.m2\repository\antlr\antlr\2.7.7\antlr-2.7.7.jar;C:\Users\Alpha\.m2\repository\org\jboss\jandex\2.1.1.Final\jandex-2.1.1.Final.jar;C:\Users\Alpha\.m2\repository\com\fasterxml\classmate\1.5.1\classmate-1.5.1.jar;C:\Users\Alpha\.m2\repository\org\dom4j\dom4j\2.1.1\dom4j-2.1.1.jar;C:\Users\Alpha\.m2\repository\org\hibernate\common\hibernate-commons-annotations\5.1.0.Final\hibernate-commons-annotations-5.1.0.Final.jar;C:\Users\Alpha\.m2\repository\org\springframework\data\spring-data-jpa\2.2.6.RELEASE\spring-data-jpa-2.2.6.RELEASE.jar;C:\Users\Alpha\.m2\repository\org\springframework\data\spring-data-commons\2.2.6.RELEASE\spring-data-commons-2.2.6.RELEASE.jar;C:\Users\Alpha\.m2\repository\org\springframework\spring-orm\5.2.5.RELEASE\spring-orm-5.2.5.RELEASE.jar;C:\Users\Alpha\.m2\repository\org\springframework\spring-tx\5.2.5.RELEASE\spring-tx-5.2.5.RELEASE.jar;C:\Users\Alpha\.m2\repository\org\springframework\spring-aspects\5.2.5.RELEASE\spring-aspects-5.2.5.RELEASE.jar;C:\Users\Alpha\.m2\repository\org\springframework\boot\spring-boot-starter-mail\2.2.6.RELEASE\spring-boot-starter-mail-2.2.6.RELEASE.jar;C:\Users\Alpha\.m2\repository\org\springframework\spring-context-support\5.2.5.RELEASE\spring-context-support-5.2.5.RELEASE.jar;C:\Users\Alpha\.m2\repository\com\sun\mail\jakarta.mail\1.6.5\jakarta.mail-1.6.5.jar;C:\Users\Alpha\.m2\repository\com\sun\activation\jakarta.activation\1.2.2\jakarta.activation-1.2.2.jar;C:\Users\Alpha\.m2\repository\org\springframework\boot\spring-boot-devtools\2.2.6.RELEASE\spring-boot-devtools-2.2.6.RELEASE.jar;C:\Users\Alpha\.m2\repository\org\springframework\boot\spring-boot\2.2.6.RELEASE\spring-boot-2.2.6.RELEASE.jar;C:\Users\Alpha\.m2\repository\org\springframework\boot\spring-boot-autoconfigure\2.2.6.RELEASE\spring-boot-autoconfigure-2.2.6.RELEASE.jar;C:\Users\Alpha\.m2\repository\org\postgresql\postgresql\42.2.11\postgresql-42.2.11.jar;C:\Users\Alpha\.m2\repository\org\flywaydb\flyway-core\6.0.8\flyway-core-6.0.8.jar;C:\Users\Alpha\.m2\repository\net\coobird\thumbnailator\0.4.8\thumbnailator-0.4.8.jar;C:\Users\Alpha\.m2\repository\org\springframework\boot\spring-boot-starter-security\2.2.6.RELEASE\spring-boot-starter-security-2.2.6.RELEASE.jar;C:\Users\Alpha\.m2\repository\org\springframework\spring-aop\5.2.5.RELEASE\spring-aop-5.2.5.RELEASE.jar;C:\Users\Alpha\.m2\repository\org\springframework\security\spring-security-config\5.2.2.RELEASE\spring-security-config-5.2.2.RELEASE.jar;C:\Users\Alpha\.m2\repository\org\springframework\security\spring-security-core\5.2.2.RELEASE\spring-security-core-5.2.2.RELEASE.jar;C:\Users\Alpha\.m2\repository\org\springframework\security\spring-security-web\5.2.2.RELEASE\spring-security-web-5.2.2.RELEASE.jar;C:\Users\Alpha\.m2\repository\com\amazonaws\aws-java-sdk-s3\1.10.77\aws-java-sdk-s3-1.10.77.jar;C:\Users\Alpha\.m2\repository\com\amazonaws\aws-java-sdk-kms\1.10.77\aws-java-sdk-kms-1.10.77.jar;C:\Users\Alpha\.m2\repository\com\amazonaws\aws-java-sdk-core\1.10.77\aws-java-sdk-core-1.10.77.jar;C:\Users\Alpha\.m2\repository\org\apache\httpcomponents\httpclient\4.5.12\httpclient-4.5.12.jar;C:\Users\Alpha\.m2\repository\org\apache\httpcomponents\httpcore\4.4.13\httpcore-4.4.13.jar;C:\Users\Alpha\.m2\repository\commons-codec\commons-codec\1.13\commons-codec-1.13.jar;C:\Users\Alpha\.m2\repository\com\fasterxml\jackson\dataformat\jackson-dataformat-cbor\2.10.3\jackson-dataformat-cbor-2.10.3.jar;C:\Users\Alpha\.m2\repository\joda-time\joda-time\2.10.5\joda-time-2.10.5.jar;C:\Users\Alpha\.m2\repository\net\sf\jasperreports\jasperreports\6.3.0\jasperreports-6.3.0.jar;C:\Users\Alpha\.m2\repository\commons-beanutils\commons-beanutils\1.9.0\commons-beanutils-1.9.0.jar;C:\Users\Alpha\.m2\repository\commons-collections\commons-collections\3.2.2\commons-collections-3.2.2.jar;C:\Users\Alpha\.m2\repository\commons-digester\commons-digester\2.1\commons-digester-2.1.jar;C:\Users\Alpha\.m2\repository\commons-logging\commons-logging\1.1.1\commons-logging-1.1.1.jar;C:\Users\Alpha\.m2\repository\com\lowagie\itext\2.1.7.js5\itext-2.1.7.js5.jar;C:\Users\Alpha\.m2\repository\bouncycastle\bcmail-jdk14\138\bcmail-jdk14-138.jar;C:\Users\Alpha\.m2\repository\bouncycastle\bcprov-jdk14\138\bcprov-jdk14-138.jar;C:\Users\Alpha\.m2\repository\org\bouncycastle\bctsp-jdk14\1.38\bctsp-jdk14-1.38.jar;C:\Users\Alpha\.m2\repository\org\bouncycastle\bcprov-jdk14\1.38\bcprov-jdk14-1.38.jar;C:\Users\Alpha\.m2\repository\org\bouncycastle\bcmail-jdk14\1.38\bcmail-jdk14-1.38.jar;C:\Users\Alpha\.m2\repository\org\jfree\jcommon\1.0.23\jcommon-1.0.23.jar;C:\Users\Alpha\.m2\repository\org\jfree\jfreechart\1.0.19\jfreechart-1.0.19.jar;C:\Users\Alpha\.m2\repository\org\eclipse\jdt\core\compiler\ecj\4.3.1\ecj-4.3.1.jar;C:\Users\Alpha\.m2\repository\org\codehaus\castor\castor-xml\1.3.3\castor-xml-1.3.3.jar;C:\Users\Alpha\.m2\repository\org\codehaus\castor\castor-core\1.3.3\castor-core-1.3.3.jar;C:\Users\Alpha\.m2\repository\commons-lang\commons-lang\2.6\commons-lang-2.6.jar;C:\Users\Alpha\.m2\repository\javax\inject\javax.inject\1\javax.inject-1.jar;C:\Users\Alpha\.m2\repository\stax\stax\1.2.0\stax-1.2.0.jar;C:\Users\Alpha\.m2\repository\stax\stax-api\1.0.1\stax-api-1.0.1.jar;C:\Users\Alpha\.m2\repository\javax\xml\stream\stax-api\1.0-2\stax-api-1.0-2.jar;C:\Users\Alpha\.m2\repository\com\fasterxml\jackson\core\jackson-core\2.10.3\jackson-core-2.10.3.jar;C:\Users\Alpha\.m2\repository\com\fasterxml\jackson\core\jackson-databind\2.10.3\jackson-databind-2.10.3.jar;C:\Users\Alpha\.m2\repository\com\fasterxml\jackson\core\jackson-annotations\2.10.3\jackson-annotations-2.10.3.jar;C:\Users\Alpha\.m2\repository\org\apache\lucene\lucene-core\4.5.1\lucene-core-4.5.1.jar;C:\Users\Alpha\.m2\repository\org\apache\lucene\lucene-analyzers-common\4.5.1\lucene-analyzers-common-4.5.1.jar;C:\Users\Alpha\.m2\repository\org\apache\lucene\lucene-queryparser\4.5.1\lucene-queryparser-4.5.1.jar;C:\Users\Alpha\.m2\repository\org\apache\lucene\lucene-queries\4.5.1\lucene-queries-4.5.1.jar;C:\Users\Alpha\.m2\repository\org\apache\lucene\lucene-sandbox\4.5.1\lucene-sandbox-4.5.1.jar;C:\Users\Alpha\.m2\repository\jakarta-regexp\jakarta-regexp\1.4\jakarta-regexp-1.4.jar;C:\Users\Alpha\.m2\repository\org\olap4j\olap4j\0.9.7.309-JS-3\olap4j-0.9.7.309-JS-3.jar;C:\Users\Alpha\.m2\repository\com\google\zxing\core\2.3.0\core-2.3.0.jar;C:\Users\Alpha\.m2\repository\com\ibm\icu\icu4j\57.1\icu4j-57.1.jar;C:\Users\Alpha\.m2\repository\net\sf\jasperreports\jasperreports-fonts\6.0.0\jasperreports-fonts-6.0.0.jar;C:\Users\Alpha\.m2\repository\org\ehcache\ehcache\3.8.1\ehcache-3.8.1.jar;C:\Users\Alpha\.m2\repository\org\glassfish\jaxb\jaxb-runtime\2.3.2\jaxb-runtime-2.3.2.jar;C:\Users\Alpha\.m2\repository\jakarta\xml\bind\jakarta.xml.bind-api\2.3.3\jakarta.xml.bind-api-2.3.3.jar;C:\Users\Alpha\.m2\repository\org\glassfish\jaxb\txw2\2.3.2\txw2-2.3.2.jar;C:\Users\Alpha\.m2\repository\com\sun\istack\istack-commons-runtime\3.0.8\istack-commons-runtime-3.0.8.jar;C:\Users\Alpha\.m2\repository\org\jvnet\staxex\stax-ex\1.8.1\stax-ex-1.8.1.jar;C:\Users\Alpha\.m2\repository\com\sun\xml\fastinfoset\FastInfoset\1.2.16\FastInfoset-1.2.16.jar;C:\Users\Alpha\.m2\repository\javax\cache\cache-api\1.1.1\cache-api-1.1.1.jar;C:\Users\Alpha\.m2\repository\javax\xml\bind\jaxb-api\2.3.1\jaxb-api-2.3.1.jar;C:\Users\Alpha\.m2\repository\javax\activation\javax.activation-api\1.2.0\javax.activation-api-1.2.0.jar;C:\Users\Alpha\.m2\repository\junit\junit\4.12\junit-4.12.jar;C:\Users\Alpha\.m2\repository\org\hamcrest\hamcrest-core\2.1\hamcrest-core-2.1.jar;C:\Users\Alpha\.m2\repository\org\hamcrest\hamcrest\2.1\hamcrest-2.1.jar;"/>
    <property name="java.vm.vendor" value="Oracle Corporation"/>
    <property name="sun.arch.data.model" value="64"/>
    <property name="user.variant" value=""/>
    <property name="java.vendor.url" value="http://java.oracle.com/"/>
    <property name="user.timezone" value="America/Sao_Paulo"/>
    <property name="java.vm.specification.version" value="11"/>
    <property name="os.name" value="Windows 10"/>
    <property name="sun.java.launcher" value="SUN_STANDARD"/>
    <property name="user.country" value="BR"/>
    <property name="sun.boot.library.path" value="C:\Program Files\Java\jdk-11.0.6\bin"/>
    <property name="sun.java.command" value="C:\Users\Alpha\AppData\Local\Temp\surefire8439941708770504164\surefirebooter6627748874429469003.jar C:\Users\Alpha\AppData\Local\Temp\surefire8439941708770504164 2020-07-09T17-07-26_609-jvmRun1 surefire1943149219509171737tmp surefire_013788289272814022580tmp"/>
    <property name="jdk.debug" value="release"/>
    <property name="surefire.test.class.path" value="C:\Users\Alpha\git\brewer_2.0\target\test-classes;C:\Users\Alpha\git\brewer_2.0\target\classes;C:\Users\Alpha\.m2\repository\org\springframework\boot\spring-boot-starter-web\2.2.6.RELEASE\spring-boot-starter-web-2.2.6.RELEASE.jar;C:\Users\Alpha\.m2\repository\org\springframework\boot\spring-boot-starter\2.2.6.RELEASE\spring-boot-starter-2.2.6.RELEASE.jar;C:\Users\Alpha\.m2\repository\org\springframework\boot\spring-boot-starter-logging\2.2.6.RELEASE\spring-boot-starter-logging-2.2.6.RELEASE.jar;C:\Users\Alpha\.m2\repository\ch\qos\logback\logback-classic\1.2.3\logback-classic-1.2.3.jar;C:\Users\Alpha\.m2\repository\ch\qos\logback\logback-core\1.2.3\logback-core-1.2.3.jar;C:\Users\Alpha\.m2\repository\org\apache\logging\log4j\log4j-to-slf4j\2.12.1\log4j-to-slf4j-2.12.1.jar;C:\Users\Alpha\.m2\repository\org\apache\logging\log4j\log4j-api\2.12.1\log4j-api-2.12.1.jar;C:\Users\Alpha\.m2\repository\org\slf4j\jul-to-slf4j\1.7.30\jul-to-slf4j-1.7.30.jar;C:\Users\Alpha\.m2\repository\jakarta\annotation\jakarta.annotation-api\1.3.5\jakarta.annotation-api-1.3.5.jar;C:\Users\Alpha\.m2\repository\org\springframework\spring-core\5.2.5.RELEASE\spring-core-5.2.5.RELEASE.jar;C:\Users\Alpha\.m2\repository\org\springframework\spring-jcl\5.2.5.RELEASE\spring-jcl-5.2.5.RELEASE.jar;C:\Users\Alpha\.m2\repository\org\yaml\snakeyaml\1.25\snakeyaml-1.25.jar;C:\Users\Alpha\.m2\repository\org\springframework\boot\spring-boot-starter-json\2.2.6.RELEASE\spring-boot-starter-json-2.2.6.RELEASE.jar;C:\Users\Alpha\.m2\repository\com\fasterxml\jackson\datatype\jackson-datatype-jdk8\2.10.3\jackson-datatype-jdk8-2.10.3.jar;C:\Users\Alpha\.m2\repository\com\fasterxml\jackson\datatype\jackson-datatype-jsr310\2.10.3\jackson-datatype-jsr310-2.10.3.jar;C:\Users\Alpha\.m2\repository\com\fasterxml\jackson\module\jackson-module-parameter-names\2.10.3\jackson-module-parameter-names-2.10.3.jar;C:\Users\Alpha\.m2\repository\org\springframework\boot\spring-boot-starter-tomcat\2.2.6.RELEASE\spring-boot-starter-tomcat-2.2.6.RELEASE.jar;C:\Users\Alpha\.m2\repository\org\apache\tomcat\embed\tomcat-embed-core\9.0.33\tomcat-embed-core-9.0.33.jar;C:\Users\Alpha\.m2\repository\org\apache\tomcat\embed\tomcat-embed-el\9.0.33\tomcat-embed-el-9.0.33.jar;C:\Users\Alpha\.m2\repository\org\apache\tomcat\embed\tomcat-embed-websocket\9.0.33\tomcat-embed-websocket-9.0.33.jar;C:\Users\Alpha\.m2\repository\org\springframework\boot\spring-boot-starter-validation\2.2.6.RELEASE\spring-boot-starter-validation-2.2.6.RELEASE.jar;C:\Users\Alpha\.m2\repository\jakarta\validation\jakarta.validation-api\2.0.2\jakarta.validation-api-2.0.2.jar;C:\Users\Alpha\.m2\repository\org\hibernate\validator\hibernate-validator\6.0.18.Final\hibernate-validator-6.0.18.Final.jar;C:\Users\Alpha\.m2\repository\org\springframework\spring-web\5.2.5.RELEASE\spring-web-5.2.5.RELEASE.jar;C:\Users\Alpha\.m2\repository\org\springframework\spring-beans\5.2.5.RELEASE\spring-beans-5.2.5.RELEASE.jar;C:\Users\Alpha\.m2\repository\org\springframework\spring-webmvc\5.2.5.RELEASE\spring-webmvc-5.2.5.RELEASE.jar;C:\Users\Alpha\.m2\repository\org\springframework\spring-context\5.2.5.RELEASE\spring-context-5.2.5.RELEASE.jar;C:\Users\Alpha\.m2\repository\org\springframework\spring-expression\5.2.5.RELEASE\spring-expression-5.2.5.RELEASE.jar;C:\Users\Alpha\.m2\repository\org\springframework\boot\spring-boot-starter-thymeleaf\2.2.6.RELEASE\spring-boot-starter-thymeleaf-2.2.6.RELEASE.jar;C:\Users\Alpha\.m2\repository\org\thymeleaf\thymeleaf-spring5\3.0.11.RELEASE\thymeleaf-spring5-3.0.11.RELEASE.jar;C:\Users\Alpha\.m2\repository\org\thymeleaf\extras\thymeleaf-extras-java8time\3.0.4.RELEASE\thymeleaf-extras-java8time-3.0.4.RELEASE.jar;C:\Users\Alpha\.m2\repository\nz\net\ultraq\thymeleaf\thymeleaf-layout-dialect\2.4.1\thymeleaf-layout-dialect-2.4.1.jar;C:\Users\Alpha\.m2\repository\nz\net\ultraq\thymeleaf\thymeleaf-expression-processor\1.1.3\thymeleaf-expression-processor-1.1.3.jar;C:\Users\Alpha\.m2\repository\org\codehaus\groovy\groovy\2.5.10\groovy-2.5.10.jar;C:\Users\Alpha\.m2\repository\org\thymeleaf\thymeleaf\3.0.11.RELEASE\thymeleaf-3.0.11.RELEASE.jar;C:\Users\Alpha\.m2\repository\ognl\ognl\3.1.12\ognl-3.1.12.jar;C:\Users\Alpha\.m2\repository\org\attoparser\attoparser\2.0.5.RELEASE\attoparser-2.0.5.RELEASE.jar;C:\Users\Alpha\.m2\repository\org\unbescape\unbescape\1.1.6.RELEASE\unbescape-1.1.6.RELEASE.jar;C:\Users\Alpha\.m2\repository\com\github\mxab\thymeleaf\extras\thymeleaf-extras-data-attribute\2.0.1\thymeleaf-extras-data-attribute-2.0.1.jar;C:\Users\Alpha\.m2\repository\org\thymeleaf\extras\thymeleaf-extras-springsecurity5\3.0.4.RELEASE\thymeleaf-extras-springsecurity5-3.0.4.RELEASE.jar;C:\Users\Alpha\.m2\repository\org\slf4j\slf4j-api\1.7.30\slf4j-api-1.7.30.jar;C:\Users\Alpha\.m2\repository\org\springframework\boot\spring-boot-starter-data-jpa\2.2.6.RELEASE\spring-boot-starter-data-jpa-2.2.6.RELEASE.jar;C:\Users\Alpha\.m2\repository\org\springframework\boot\spring-boot-starter-aop\2.2.6.RELEASE\spring-boot-starter-aop-2.2.6.RELEASE.jar;C:\Users\Alpha\.m2\repository\org\aspectj\aspectjweaver\1.9.5\aspectjweaver-1.9.5.jar;C:\Users\Alpha\.m2\repository\org\springframework\boot\spring-boot-starter-jdbc\2.2.6.RELEASE\spring-boot-starter-jdbc-2.2.6.RELEASE.jar;C:\Users\Alpha\.m2\repository\com\zaxxer\HikariCP\3.4.2\HikariCP-3.4.2.jar;C:\Users\Alpha\.m2\repository\org\springframework\spring-jdbc\5.2.5.RELEASE\spring-jdbc-5.2.5.RELEASE.jar;C:\Users\Alpha\.m2\repository\jakarta\activation\jakarta.activation-api\1.2.2\jakarta.activation-api-1.2.2.jar;C:\Users\Alpha\.m2\repository\jakarta\persistence\jakarta.persistence-api\2.2.3\jakarta.persistence-api-2.2.3.jar;C:\Users\Alpha\.m2\repository\jakarta\transaction\jakarta.transaction-api\1.3.3\jakarta.transaction-api-1.3.3.jar;C:\Users\Alpha\.m2\repository\org\hibernate\hibernate-core\5.4.12.Final\hibernate-core-5.4.12.Final.jar;C:\Users\Alpha\.m2\repository\org\jboss\logging\jboss-logging\3.4.1.Final\jboss-logging-3.4.1.Final.jar;C:\Users\Alpha\.m2\repository\org\javassist\javassist\3.24.0-GA\javassist-3.24.0-GA.jar;C:\Users\Alpha\.m2\repository\net\bytebuddy\byte-buddy\1.10.8\byte-buddy-1.10.8.jar;C:\Users\Alpha\.m2\repository\antlr\antlr\2.7.7\antlr-2.7.7.jar;C:\Users\Alpha\.m2\repository\org\jboss\jandex\2.1.1.Final\jandex-2.1.1.Final.jar;C:\Users\Alpha\.m2\repository\com\fasterxml\classmate\1.5.1\classmate-1.5.1.jar;C:\Users\Alpha\.m2\repository\org\dom4j\dom4j\2.1.1\dom4j-2.1.1.jar;C:\Users\Alpha\.m2\repository\org\hibernate\common\hibernate-commons-annotations\5.1.0.Final\hibernate-commons-annotations-5.1.0.Final.jar;C:\Users\Alpha\.m2\repository\org\springframework\data\spring-data-jpa\2.2.6.RELEASE\spring-data-jpa-2.2.6.RELEASE.jar;C:\Users\Alpha\.m2\repository\org\springframework\data\spring-data-commons\2.2.6.RELEASE\spring-data-commons-2.2.6.RELEASE.jar;C:\Users\Alpha\.m2\repository\org\springframework\spring-orm\5.2.5.RELEASE\spring-orm-5.2.5.RELEASE.jar;C:\Users\Alpha\.m2\repository\org\springframework\spring-tx\5.2.5.RELEASE\spring-tx-5.2.5.RELEASE.jar;C:\Users\Alpha\.m2\repository\org\springframework\spring-aspects\5.2.5.RELEASE\spring-aspects-5.2.5.RELEASE.jar;C:\Users\Alpha\.m2\repository\org\springframework\boot\spring-boot-starter-mail\2.2.6.RELEASE\spring-boot-starter-mail-2.2.6.RELEASE.jar;C:\Users\Alpha\.m2\repository\org\springframework\spring-context-support\5.2.5.RELEASE\spring-context-support-5.2.5.RELEASE.jar;C:\Users\Alpha\.m2\repository\com\sun\mail\jakarta.mail\1.6.5\jakarta.mail-1.6.5.jar;C:\Users\Alpha\.m2\repository\com\sun\activation\jakarta.activation\1.2.2\jakarta.activation-1.2.2.jar;C:\Users\Alpha\.m2\repository\org\springframework\boot\spring-boot-devtools\2.2.6.RELEASE\spring-boot-devtools-2.2.6.RELEASE.jar;C:\Users\Alpha\.m2\repository\org\springframework\boot\spring-boot\2.2.6.RELEASE\spring-boot-2.2.6.RELEASE.jar;C:\Users\Alpha\.m2\repository\org\springframework\boot\spring-boot-autoconfigure\2.2.6.RELEASE\spring-boot-autoconfigure-2.2.6.RELEASE.jar;C:\Users\Alpha\.m2\repository\org\postgresql\postgresql\42.2.11\postgresql-42.2.11.jar;C:\Users\Alpha\.m2\repository\org\flywaydb\flyway-core\6.0.8\flyway-core-6.0.8.jar;C:\Users\Alpha\.m2\repository\net\coobird\thumbnailator\0.4.8\thumbnailator-0.4.8.jar;C:\Users\Alpha\.m2\repository\org\springframework\boot\spring-boot-starter-security\2.2.6.RELEASE\spring-boot-starter-security-2.2.6.RELEASE.jar;C:\Users\Alpha\.m2\repository\org\springframework\spring-aop\5.2.5.RELEASE\spring-aop-5.2.5.RELEASE.jar;C:\Users\Alpha\.m2\repository\org\springframework\security\spring-security-config\5.2.2.RELEASE\spring-security-config-5.2.2.RELEASE.jar;C:\Users\Alpha\.m2\repository\org\springframework\security\spring-security-core\5.2.2.RELEASE\spring-security-core-5.2.2.RELEASE.jar;C:\Users\Alpha\.m2\repository\org\springframework\security\spring-security-web\5.2.2.RELEASE\spring-security-web-5.2.2.RELEASE.jar;C:\Users\Alpha\.m2\repository\com\amazonaws\aws-java-sdk-s3\1.10.77\aws-java-sdk-s3-1.10.77.jar;C:\Users\Alpha\.m2\repository\com\amazonaws\aws-java-sdk-kms\1.10.77\aws-java-sdk-kms-1.10.77.jar;C:\Users\Alpha\.m2\repository\com\amazonaws\aws-java-sdk-core\1.10.77\aws-java-sdk-core-1.10.77.jar;C:\Users\Alpha\.m2\repository\org\apache\httpcomponents\httpclient\4.5.12\httpclient-4.5.12.jar;C:\Users\Alpha\.m2\repository\org\apache\httpcomponents\httpcore\4.4.13\httpcore-4.4.13.jar;C:\Users\Alpha\.m2\repository\commons-codec\commons-codec\1.13\commons-codec-1.13.jar;C:\Users\Alpha\.m2\repository\com\fasterxml\jackson\dataformat\jackson-dataformat-cbor\2.10.3\jackson-dataformat-cbor-2.10.3.jar;C:\Users\Alpha\.m2\repository\joda-time\joda-time\2.10.5\joda-time-2.10.5.jar;C:\Users\Alpha\.m2\repository\net\sf\jasperreports\jasperreports\6.3.0\jasperreports-6.3.0.jar;C:\Users\Alpha\.m2\repository\commons-beanutils\commons-beanutils\1.9.0\commons-beanutils-1.9.0.jar;C:\Users\Alpha\.m2\repository\commons-collections\commons-collections\3.2.2\commons-collections-3.2.2.jar;C:\Users\Alpha\.m2\repository\commons-digester\commons-digester\2.1\commons-digester-2.1.jar;C:\Users\Alpha\.m2\repository\commons-logging\commons-logging\1.1.1\commons-logging-1.1.1.jar;C:\Users\Alpha\.m2\repository\com\lowagie\itext\2.1.7.js5\itext-2.1.7.js5.jar;C:\Users\Alpha\.m2\repository\bouncycastle\bcmail-jdk14\138\bcmail-jdk14-138.jar;C:\Users\Alpha\.m2\repository\bouncycastle\bcprov-jdk14\138\bcprov-jdk14-138.jar;C:\Users\Alpha\.m2\repository\org\bouncycastle\bctsp-jdk14\1.38\bctsp-jdk14-1.38.jar;C:\Users\Alpha\.m2\repository\org\bouncycastle\bcprov-jdk14\1.38\bcprov-jdk14-1.38.jar;C:\Users\Alpha\.m2\repository\org\bouncycastle\bcmail-jdk14\1.38\bcmail-jdk14-1.38.jar;C:\Users\Alpha\.m2\repository\org\jfree\jcommon\1.0.23\jcommon-1.0.23.jar;C:\Users\Alpha\.m2\repository\org\jfree\jfreechart\1.0.19\jfreechart-1.0.19.jar;C:\Users\Alpha\.m2\repository\org\eclipse\jdt\core\compiler\ecj\4.3.1\ecj-4.3.1.jar;C:\Users\Alpha\.m2\repository\org\codehaus\castor\castor-xml\1.3.3\castor-xml-1.3.3.jar;C:\Users\Alpha\.m2\repository\org\codehaus\castor\castor-core\1.3.3\castor-core-1.3.3.jar;C:\Users\Alpha\.m2\repository\commons-lang\commons-lang\2.6\commons-lang-2.6.jar;C:\Users\Alpha\.m2\repository\javax\inject\javax.inject\1\javax.inject-1.jar;C:\Users\Alpha\.m2\repository\stax\stax\1.2.0\stax-1.2.0.jar;C:\Users\Alpha\.m2\repository\stax\stax-api\1.0.1\stax-api-1.0.1.jar;C:\Users\Alpha\.m2\repository\javax\xml\stream\stax-api\1.0-2\stax-api-1.0-2.jar;C:\Users\Alpha\.m2\repository\com\fasterxml\jackson\core\jackson-core\2.10.3\jackson-core-2.10.3.jar;C:\Users\Alpha\.m2\repository\com\fasterxml\jackson\core\jackson-databind\2.10.3\jackson-databind-2.10.3.jar;C:\Users\Alpha\.m2\repository\com\fasterxml\jackson\core\jackson-annotations\2.10.3\jackson-annotations-2.10.3.jar;C:\Users\Alpha\.m2\repository\org\apache\lucene\lucene-core\4.5.1\lucene-core-4.5.1.jar;C:\Users\Alpha\.m2\repository\org\apache\lucene\lucene-analyzers-common\4.5.1\lucene-analyzers-common-4.5.1.jar;C:\Users\Alpha\.m2\repository\org\apache\lucene\lucene-queryparser\4.5.1\lucene-queryparser-4.5.1.jar;C:\Users\Alpha\.m2\repository\org\apache\lucene\lucene-queries\4.5.1\lucene-queries-4.5.1.jar;C:\Users\Alpha\.m2\repository\org\apache\lucene\lucene-sandbox\4.5.1\lucene-sandbox-4.5.1.jar;C:\Users\Alpha\.m2\repository\jakarta-regexp\jakarta-regexp\1.4\jakarta-regexp-1.4.jar;C:\Users\Alpha\.m2\repository\org\olap4j\olap4j\0.9.7.309-JS-3\olap4j-0.9.7.309-JS-3.jar;C:\Users\Alpha\.m2\repository\com\google\zxing\core\2.3.0\core-2.3.0.jar;C:\Users\Alpha\.m2\repository\com\ibm\icu\icu4j\57.1\icu4j-57.1.jar;C:\Users\Alpha\.m2\repository\net\sf\jasperreports\jasperreports-fonts\6.0.0\jasperreports-fonts-6.0.0.jar;C:\Users\Alpha\.m2\repository\org\ehcache\ehcache\3.8.1\ehcache-3.8.1.jar;C:\Users\Alpha\.m2\repository\org\glassfish\jaxb\jaxb-runtime\2.3.2\jaxb-runtime-2.3.2.jar;C:\Users\Alpha\.m2\repository\jakarta\xml\bind\jakarta.xml.bind-api\2.3.3\jakarta.xml.bind-api-2.3.3.jar;C:\Users\Alpha\.m2\repository\org\glassfish\jaxb\txw2\2.3.2\txw2-2.3.2.jar;C:\Users\Alpha\.m2\repository\com\sun\istack\istack-commons-runtime\3.0.8\istack-commons-runtime-3.0.8.jar;C:\Users\Alpha\.m2\repository\org\jvnet\staxex\stax-ex\1.8.1\stax-ex-1.8.1.jar;C:\Users\Alpha\.m2\repository\com\sun\xml\fastinfoset\FastInfoset\1.2.16\FastInfoset-1.2.16.jar;C:\Users\Alpha\.m2\repository\javax\cache\cache-api\1.1.1\cache-api-1.1.1.jar;C:\Users\Alpha\.m2\repository\javax\xml\bind\jaxb-api\2.3.1\jaxb-api-2.3.1.jar;C:\Users\Alpha\.m2\repository\javax\activation\javax.activation-api\1.2.0\javax.activation-api-1.2.0.jar;C:\Users\Alpha\.m2\repository\junit\junit\4.12\junit-4.12.jar;C:\Users\Alpha\.m2\repository\org\hamcrest\hamcrest-core\2.1\hamcrest-core-2.1.jar;C:\Users\Alpha\.m2\repository\org\hamcrest\hamcrest\2.1\hamcrest-2.1.jar;"/>
    <property name="sun.cpu.endian" value="little"/>
    <property name="user.home" value="C:\Users\Alpha"/>
    <property name="user.language" value="pt"/>
    <property name="java.specification.vendor" value="Oracle Corporation"/>
    <property name="java.version.date" value="2020-01-14"/>
    <property name="java.home" value="C:\Program Files\Java\jdk-11.0.6"/>
    <property name="file.separator" value="\"/>
    <property name="style.color" value="always"/>
    <property name="basedir" value="C:\Users\Alpha\git\brewer_2.0"/>
    <property name="java.vm.compressedOopsMode" value="Zero based"/>
    <property name="line.separator" value="&#10;"/>
    <property name="java.specification.name" value="Java Platform API Specification"/>
    <property name="java.vm.specification.vendor" value="Oracle Corporation"/>
    <property name="java.awt.graphicsenv" value="sun.awt.Win32GraphicsEnvironment"/>
    <property name="surefire.real.class.path" value="C:\Users\Alpha\AppData\Local\Temp\surefire8439941708770504164\surefirebooter6627748874429469003.jar"/>
    <property name="user.script" value=""/>
    <property name="sun.management.compiler" value="HotSpot 64-Bit Tiered Compilers"/>
    <property name="java.runtime.version" value="11.0.6+8-LTS"/>
    <property name="user.name" value="Alpha"/>
    <property name="path.separator" value=";"/>
    <property name="os.version" value="10.0"/>
    <property name="java.runtime.name" value="Java(TM) SE Runtime Environment"/>
    <property name="file.encoding" value="Cp1252"/>
    <property name="java.vm.name" value="Java HotSpot(TM) 64-Bit Server VM"/>
    <property name="java.vendor.version" value="18.9"/>
    <property name="localRepository" value="C:\Users\Alpha\.m2\repository"/>
    <property name="java.vendor.url.bug" value="http://bugreport.java.com/bugreport/"/>
    <property name="java.io.tmpdir" value="C:\Users\Alpha\AppData\Local\Temp\"/>
    <property name="java.version" value="11.0.6"/>
    <property name="user.dir" value="C:\Users\Alpha\git\brewer_2.0"/>
    <property name="os.arch" value="amd64"/>
    <property name="java.vm.specification.name" value="Java Virtual Machine Specification"/>
    <property name="java.awt.printerjob" value="sun.awt.windows.WPrinterJob"/>
    <property name="sun.os.patch.level" value=""/>
    <property name="java.library.path" value="C:\Program Files\Java\jdk-11.0.6\bin;C:\WINDOWS\Sun\Java\bin;C:\WINDOWS\system32;C:\WINDOWS;C:\Program Files (x86)\Common Files\Oracle\Java\javapath;C:\Windows\system32;C:\Windows;C:\Windows\System32\Wbem;C:\Windows\System32\WindowsPowerShell\v1.0\;C:\Windows\System32\OpenSSH\;C:\Program Files (x86)\NVIDIA Corporation\PhysX\Common;C:\Program Files\NVIDIA Corporation\NVIDIA NvDLISR;C:\WINDOWS\system32;C:\WINDOWS;C:\WINDOWS\System32\Wbem;C:\WINDOWS\System32\WindowsPowerShell\v1.0\;C:\WINDOWS\System32\OpenSSH\;C:\Program Files\Git\cmd;C:\Program Files\MySQL\MySQL Shell 8.0\bin\;C:\Users\Alpha\AppData\Local\Microsoft\WindowsApps;C:\Users\Alpha\AppData\Local\GitHubDesktop\bin;%USERPROFILE%\AppData\Local\Microsoft\WindowsApps;;."/>
    <property name="java.vendor" value="Oracle Corporation"/>
    <property name="java.vm.info" value="mixed mode"/>
    <property name="java.vm.version" value="11.0.6+8-LTS"/>
    <property name="sun.io.unicode.encoding" value="UnicodeLittle"/>
    <property name="java.class.version" value="55.0"/>
  </properties>
  <testcase name="deveCalcularValorTotalSemItens" classname="br.com.fernantech.brewer.session.TabelaItensVendaTest" time="0.004"/>
  <testcase name="deveAlterarQuantidadeDoItem" classname="br.com.fernantech.brewer.session.TabelaItensVendaTest" time="0.002"/>
  <testcase name="deveCalcularValorTotalComUmItem" classname="br.com.fernantech.brewer.session.TabelaItensVendaTest" time="0.001"/>
  <testcase name="deveExcluirItem" classname="br.com.fernantech.brewer.session.TabelaItensVendaTest" time="0.01"/>
  <testcase name="deveCalcularValorTotalComVariosItens" classname="br.com.fernantech.brewer.session.TabelaItensVendaTest" time="0"/>
  <testcase name="deveManterTamanhoDaListaParaMesmasCervejas" classname="br.com.fernantech.brewer.session.TabelaItensVendaTest" time="0"/>
</testsuite>